app/build/outputs/logs/manifest-merger-debug-report.txt
-- Merging decision tree log ---
manifest
ADDED from src/main/AndroidManifest.xml:2:1-47:12
	package
		ADDED from src/main/AndroidManifest.xml:4:5-52
		INJECTED from src/main/AndroidManifest.xml
		INJECTED from src/main/AndroidManifest.xml
	android:versionName
		ADDED from src/main/AndroidManifest.xml:6:5-30
		INJECTED from src/main/AndroidManifest.xml
		INJECTED from src/main/AndroidManifest.xml
	android:versionCode
		ADDED from src/main/AndroidManifest.xml:5:5-29
		INJECTED from src/main/AndroidManifest.xml
		INJECTED from src/main/AndroidManifest.xml
	xmlns:android
		ADDED from src/main/AndroidManifest.xml:3:5-63
uses-sdk
ADDED from src/main/AndroidManifest.xml:7:3-71
	android:targetSdkVersion
		ADDED from src/main/AndroidManifest.xml:7:40-69
		INJECTED from src/main/AndroidManifest.xml
		INJECTED from src/main/AndroidManifest.xml
	android:minSdkVersion
		ADDED from src/main/AndroidManifest.xml:7:13-39
		INJECTED from src/main/AndroidManifest.xml
		INJECTED from src/main/AndroidManifest.xml
uses-permission#android.permission.WAKE_LOCK
ADDED from src/main/AndroidManifest.xml:8:3-66
	android:name
		ADDED from src/main/AndroidManifest.xml:8:20-63
uses-permission#android.permission.READ_EXTERNAL_STORAGE
ADDED from src/main/AndroidManifest.xml:9:3-78
	android:name
		ADDED from src/main/AndroidManifest.xml:9:20-75
uses-permission#android.permission.RECEIVE_BOOT_COMPLETED
ADDED from src/main/AndroidManifest.xml:10:3-79
	android:name
		ADDED from src/main/AndroidManifest.xml:10:20-76
uses-permission#android.permission.VIBRATE
ADDED from src/main/AndroidManifest.xml:11:3-64
	android:name
		ADDED from src/main/AndroidManifest.xml:11:20-61
application
ADDED from src/main/AndroidManifest.xml:13:3-46:17
	android:label
		ADDED from src/main/AndroidManifest.xml:14:7-39
	android:allowBackup
		ADDED from src/main/AndroidManifest.xml:17:7-34
	android:icon
		ADDED from src/main/AndroidManifest.xml:15:7-43
	android:theme
		ADDED from src/main/AndroidManifest.xml:16:7-52
activity#com.angrydoughnuts.android.alarmclock.AlarmClockActivity
ADDED from src/main/AndroidManifest.xml:18:5-26:16
	android:label
		ADDED from src/main/AndroidManifest.xml:20:9-41
	android:windowSoftInputMode
		ADDED from src/main/AndroidManifest.xml:21:9-48
	android:name
		ADDED from src/main/AndroidManifest.xml:19:9-43
intent-filter#android.intent.action.MAIN+android.intent.category.LAUNCHER
ADDED from src/main/AndroidManifest.xml:22:7-25:23
action#android.intent.action.MAIN
ADDED from src/main/AndroidManifest.xml:23:9-61
	android:name
		ADDED from src/main/AndroidManifest.xml:23:17-58
category#android.intent.category.LAUNCHER
ADDED from src/main/AndroidManifest.xml:24:9-69
	android:name
		ADDED from src/main/AndroidManifest.xml:24:19-66
service#com.angrydoughnuts.android.alarmclock.AlarmNotificationService
ADDED from src/main/AndroidManifest.xml:27:5-81
	android:exported
		ADDED from src/main/AndroidManifest.xml:27:55-79
	android:name
		ADDED from src/main/AndroidManifest.xml:27:14-54
receiver#com.angrydoughnuts.android.alarmclock.AlarmNotificationService$AlarmTriggerReceiver
ADDED from src/main/AndroidManifest.xml:28:5-79
	android:name
		ADDED from src/main/AndroidManifest.xml:28:15-76
receiver#com.angrydoughnuts.android.alarmclock.SystemMessageReceiver
ADDED from src/main/AndroidManifest.xml:29:5-35:16
	android:name
		ADDED from src/main/AndroidManifest.xml:29:15-52
intent-filter#android.intent.action.BOOT_COMPLETED+android.intent.action.MY_PACKAGE_REPLACED+android.intent.action.TIMEZONE_CHANGED
ADDED from src/main/AndroidManifest.xml:30:7-34:23
action#android.intent.action.MY_PACKAGE_REPLACED
ADDED from src/main/AndroidManifest.xml:31:9-76
	android:name
		ADDED from src/main/AndroidManifest.xml:31:17-73
action#android.intent.action.TIMEZONE_CHANGED
ADDED from src/main/AndroidManifest.xml:32:9-73
	android:name
		ADDED from src/main/AndroidManifest.xml:32:17-70
action#android.intent.action.BOOT_COMPLETED
ADDED from src/main/AndroidManifest.xml:33:9-71
	android:name
		ADDED from src/main/AndroidManifest.xml:33:17-68
provider#com.angrydoughnuts.android.alarmclock.AlarmClockProvider
ADDED from src/main/AndroidManifest.xml:36:5-39:36
	android:authorities
		ADDED from src/main/AndroidManifest.xml:38:9-77
	android:exported
		ADDED from src/main/AndroidManifest.xml:39:9-33
	android:name
		ADDED from src/main/AndroidManifest.xml:37:9-43
activity#com.angrydoughnuts.android.alarmclock.AlarmNotificationActivity
ADDED from src/main/AndroidManifest.xml:40:5-45:45
	android:screenOrientation
		ADDED from src/main/AndroidManifest.xml:42:9-45
	android:excludeFromRecents
		ADDED from src/main/AndroidManifest.xml:45:9-42
	android:launchMode
		ADDED from src/main/AndroidManifest.xml:43:9-44
	android:taskAffinity
		ADDED from src/main/AndroidManifest.xml:44:9-32
	android:name
		ADDED from src/main/AndroidManifest.xml:41:9-50